<?xml version="1.0" encoding="UTF-8"?>
<testng-results ignored="0" total="2" passed="2" failed="0" skipped="0">
  <reporter-output>
  </reporter-output>
  <suite started-at="2024-08-27T13:24:48 IST" name="Suite" finished-at="2024-08-27T13:25:02 IST" duration-ms="14506">
    <groups>
    </groups>
    <test started-at="2024-08-27T13:24:48 IST" name="Test" finished-at="2024-08-27T13:25:02 IST" duration-ms="14506">
      <class name="com.qa.test.TestClass01">
        <test-method is-config="true" signature="launchDriver()[pri:0, instance:com.qa.test.TestClass01@778d1062]" started-at="2024-08-27T13:24:48 IST" name="launchDriver" finished-at="2024-08-27T13:24:52 IST" duration-ms="4112" status="PASS">
          <reporter-output>
          </reporter-output>
        </test-method> <!-- launchDriver -->
        <test-method signature="Test01()[pri:0, instance:com.qa.test.TestClass01@778d1062]" started-at="2024-08-27T13:24:52 IST" name="Test01" finished-at="2024-08-27T13:24:54 IST" duration-ms="2131" status="PASS">
          <reporter-output>
          </reporter-output>
        </test-method> <!-- Test01 -->
        <test-method is-config="true" signature="quit()[pri:0, instance:com.qa.test.TestClass01@778d1062]" started-at="2024-08-27T13:24:54 IST" name="quit" finished-at="2024-08-27T13:24:55 IST" duration-ms="1159" status="PASS">
          <reporter-output>
          </reporter-output>
        </test-method> <!-- quit -->
        <test-method is-config="true" signature="launchDriver()[pri:0, instance:com.qa.test.TestClass01@778d1062]" started-at="2024-08-27T13:24:55 IST" name="launchDriver" finished-at="2024-08-27T13:24:59 IST" duration-ms="3737" status="PASS">
          <reporter-output>
          </reporter-output>
        </test-method> <!-- launchDriver -->
        <test-method signature="Test02()[pri:0, instance:com.qa.test.TestClass01@778d1062]" started-at="2024-08-27T13:24:59 IST" name="Test02" finished-at="2024-08-27T13:25:01 IST" duration-ms="2263" status="PASS">
          <reporter-output>
          </reporter-output>
        </test-method> <!-- Test02 -->
        <test-method is-config="true" signature="quit()[pri:0, instance:com.qa.test.TestClass01@778d1062]" started-at="2024-08-27T13:25:01 IST" name="quit" finished-at="2024-08-27T13:25:02 IST" duration-ms="1058" status="PASS">
          <reporter-output>
          </reporter-output>
        </test-method> <!-- quit -->
      </class> <!-- com.qa.test.TestClass01 -->
    </test> <!-- Test -->
  </suite> <!-- Suite -->
</testng-results>
