<?xml version="1.0" encoding="UTF-8"?>
<testng-results ignored="0" total="2" passed="2" failed="0" skipped="0">
  <reporter-output>
  </reporter-output>
  <suite started-at="2024-08-27T13:23:03 IST" name="Suite" finished-at="2024-08-27T13:23:19 IST" duration-ms="15883">
    <groups>
    </groups>
    <test started-at="2024-08-27T13:23:03 IST" name="Test" finished-at="2024-08-27T13:23:19 IST" duration-ms="15883">
      <class name="com.qa.test.TestClass01">
        <test-method is-config="true" signature="launchDriver()[pri:0, instance:com.qa.test.TestClass01@32eff876]" started-at="2024-08-27T13:23:03 IST" name="launchDriver" finished-at="2024-08-27T13:23:08 IST" duration-ms="5149" status="PASS">
          <reporter-output>
          </reporter-output>
        </test-method> <!-- launchDriver -->
        <test-method signature="Test01()[pri:0, instance:com.qa.test.TestClass01@32eff876]" started-at="2024-08-27T13:23:08 IST" name="Test01" finished-at="2024-08-27T13:23:11 IST" duration-ms="2443" status="PASS">
          <reporter-output>
          </reporter-output>
        </test-method> <!-- Test01 -->
        <test-method is-config="true" signature="quit()[pri:0, instance:com.qa.test.TestClass01@32eff876]" started-at="2024-08-27T13:23:11 IST" name="quit" finished-at="2024-08-27T13:23:12 IST" duration-ms="989" status="PASS">
          <reporter-output>
          </reporter-output>
        </test-method> <!-- quit -->
        <test-method is-config="true" signature="launchDriver()[pri:0, instance:com.qa.test.TestClass01@32eff876]" started-at="2024-08-27T13:23:12 IST" name="launchDriver" finished-at="2024-08-27T13:23:15 IST" duration-ms="3722" status="PASS">
          <reporter-output>
          </reporter-output>
        </test-method> <!-- launchDriver -->
        <test-method signature="Test02()[pri:0, instance:com.qa.test.TestClass01@32eff876]" started-at="2024-08-27T13:23:15 IST" name="Test02" finished-at="2024-08-27T13:23:18 IST" duration-ms="2418" status="PASS">
          <reporter-output>
          </reporter-output>
        </test-method> <!-- Test02 -->
        <test-method is-config="true" signature="quit()[pri:0, instance:com.qa.test.TestClass01@32eff876]" started-at="2024-08-27T13:23:18 IST" name="quit" finished-at="2024-08-27T13:23:19 IST" duration-ms="1111" status="PASS">
          <reporter-output>
          </reporter-output>
        </test-method> <!-- quit -->
      </class> <!-- com.qa.test.TestClass01 -->
    </test> <!-- Test -->
  </suite> <!-- Suite -->
</testng-results>
